<?xml version="1.0" encoding="UTF-8"?>
<!-- Generated by org.testng.reporters.JUnitReportReporter -->
<testsuite hostname="DESKTOP-F4STIUA" failures="0" tests="6" name="testCases.TC003_LoginDDT" time="47.849" errors="0" timestamp="2025-02-17T23:55:26 IST" skipped="0">
  <testcase classname="testCases.TC003_LoginDDT" name="verify_loginDDT" time="5.086"/>
  <testcase classname="testCases.TC003_LoginDDT" name="verify_loginDDT" time="4.862"/>
  <testcase classname="testCases.TC003_LoginDDT" name="verify_loginDDT" time="14.194"/>
  <testcase classname="testCases.TC003_LoginDDT" name="verify_loginDDT" time="4.671"/>
  <testcase classname="testCases.TC003_LoginDDT" name="verify_loginDDT" time="4.837"/>
  <testcase classname="testCases.TC003_LoginDDT" name="verify_loginDDT" time="14.199"/>
</testsuite> <!-- testCases.TC003_LoginDDT -->
