<?xml version="1.0" encoding="UTF-8"?>
<!-- Generated by org.testng.reporters.JUnitReportReporter -->
<testsuite hostname="DESKTOP-F4STIUA" failures="0" tests="1" name="testCases.TC001_AccountRegistrationTest" time="3.460" errors="0" timestamp="2025-03-10T19:29:43 IST" skipped="0">
  <testcase classname="testCases.TC001_AccountRegistrationTest" name="verify_account_registration" time="3.460"/>
</testsuite> <!-- testCases.TC001_AccountRegistrationTest -->
