<?xml version="1.0" encoding="UTF-8"?>
<!-- Generated by org.testng.reporters.JUnitReportReporter -->
<testsuite hostname="DESKTOP-F4STIUA" failures="0" tests="1" name="testCases.TC002_LoginTest" time="2.574" errors="0" timestamp="2025-03-10T19:29:43 IST" skipped="0">
  <testcase classname="testCases.TC002_LoginTest" name="verify_login" time="2.574"/>
</testsuite> <!-- testCases.TC002_LoginTest -->
